2023-04-19 13:15:37,586 [main] INFO  sugbi.env - 
-=[sugbi started successfully using the development profile]=- 
2023-04-19 13:15:44,580 [main] INFO  luminus.http-server - server started on port 3000 
2023-04-19 13:15:44,582 [main] INFO  sugbi.nrepl - starting nREPL server on port 7000 
2023-04-19 13:15:44,697 [main] INFO  sugbi.core - #'sugbi.db.core/*db* started 
2023-04-19 13:15:44,698 [main] INFO  sugbi.core - #'sugbi.handler/init-app started 
2023-04-19 13:15:44,699 [main] INFO  sugbi.core - #'sugbi.handler/app-routes started 
2023-04-19 13:15:44,700 [main] INFO  sugbi.core - #'sugbi.core/http-server started 
2023-04-19 13:15:44,701 [main] INFO  sugbi.core - #'sugbi.core/repl-server started 
2023-04-19 13:22:03,009 [nREPL-session-66407eb3-5d85-454b-aa68-80992b3e13e0] INFO  migratus.core - Starting migrations 
2023-04-19 13:22:05,247 [nREPL-session-66407eb3-5d85-454b-aa68-80992b3e13e0] INFO  migratus.database - creating migration table 'schema_migrations' 
2023-04-19 13:22:07,350 [nREPL-session-66407eb3-5d85-454b-aa68-80992b3e13e0] DEBUG migratus.migrations - Looking for migrations in #object[java.io.File 0x56ea9c8a C:\Users\Misael\Documents\github\sugbi-1\resources\migrations] 
2023-04-19 13:22:07,368 [nREPL-session-66407eb3-5d85-454b-aa68-80992b3e13e0] INFO  migratus.core - Ending migrations 
2023-04-19 13:22:07,371 [nREPL-session-66407eb3-5d85-454b-aa68-80992b3e13e0] INFO  migratus.core - Starting migrations 
2023-04-19 13:22:10,734 [nREPL-session-66407eb3-5d85-454b-aa68-80992b3e13e0] DEBUG migratus.migrations - Looking for migrations in #object[java.io.File 0x3455f445 C:\Users\Misael\Documents\github\sugbi-1\resources\migrations] 
2023-04-19 13:22:10,751 [nREPL-session-66407eb3-5d85-454b-aa68-80992b3e13e0] INFO  migratus.core - Running up for [20230228002443 20230321184035 20230418004535] 
2023-04-19 13:22:10,752 [nREPL-session-66407eb3-5d85-454b-aa68-80992b3e13e0] INFO  migratus.core - Up 20230228002443-initial-catalog-model 
2023-04-19 13:22:10,759 [nREPL-session-66407eb3-5d85-454b-aa68-80992b3e13e0] INFO  migratus.database - Connection is  {:connection #object[org.postgresql.jdbc.PgConnection 0x49559aa4 org.postgresql.jdbc.PgConnection@49559aa4]} Config is {:store :database, :db {:connection-uri uri-censored}} 
2023-04-19 13:22:12,045 [nREPL-session-66407eb3-5d85-454b-aa68-80992b3e13e0] DEBUG migratus.migration.sql - found 4 up migrations 
2023-04-19 13:22:13,889 [nREPL-session-66407eb3-5d85-454b-aa68-80992b3e13e0] DEBUG migratus.database - marking 20230228002443 complete 
2023-04-19 13:22:14,662 [nREPL-session-66407eb3-5d85-454b-aa68-80992b3e13e0] INFO  migratus.core - Up 20230321184035-removes-catalog-book-info 
2023-04-19 13:22:14,663 [nREPL-session-66407eb3-5d85-454b-aa68-80992b3e13e0] INFO  migratus.database - Connection is  {:connection #object[org.postgresql.jdbc.PgConnection 0x49559aa4 org.postgresql.jdbc.PgConnection@49559aa4]} Config is {:store :database, :db {:connection-uri uri-censored}} 
2023-04-19 13:22:15,587 [nREPL-session-66407eb3-5d85-454b-aa68-80992b3e13e0] DEBUG migratus.migration.sql - found 3 up migrations 
2023-04-19 13:22:16,834 [nREPL-session-66407eb3-5d85-454b-aa68-80992b3e13e0] DEBUG migratus.database - marking 20230321184035 complete 
2023-04-19 13:22:17,577 [nREPL-session-66407eb3-5d85-454b-aa68-80992b3e13e0] INFO  migratus.core - Up 20230418004535-add-lendings-table 
2023-04-19 13:22:17,579 [nREPL-session-66407eb3-5d85-454b-aa68-80992b3e13e0] INFO  migratus.database - Connection is  {:connection #object[org.postgresql.jdbc.PgConnection 0x49559aa4 org.postgresql.jdbc.PgConnection@49559aa4]} Config is {:store :database, :db {:connection-uri uri-censored}} 
2023-04-19 13:22:18,543 [nREPL-session-66407eb3-5d85-454b-aa68-80992b3e13e0] DEBUG migratus.migration.sql - found 1 up migrations 
2023-04-19 13:22:21,276 [nREPL-session-66407eb3-5d85-454b-aa68-80992b3e13e0] DEBUG migratus.database - marking 20230418004535 complete 
2023-04-19 13:22:21,766 [nREPL-session-66407eb3-5d85-454b-aa68-80992b3e13e0] INFO  migratus.core - Ending migrations 
2023-04-19 13:22:21,774 [nREPL-session-66407eb3-5d85-454b-aa68-80992b3e13e0] INFO  migratus.core - Starting migrations 
2023-04-19 13:22:25,002 [nREPL-session-66407eb3-5d85-454b-aa68-80992b3e13e0] DEBUG migratus.migrations - Looking for migrations in #object[java.io.File 0x58ece02e C:\Users\Misael\Documents\github\sugbi-1\resources\migrations] 
2023-04-19 13:22:25,012 [nREPL-session-66407eb3-5d85-454b-aa68-80992b3e13e0] INFO  migratus.core - Running down for [20230418004535 20230321184035 20230228002443] 
2023-04-19 13:22:25,012 [nREPL-session-66407eb3-5d85-454b-aa68-80992b3e13e0] INFO  migratus.core - Down 20230418004535-add-lendings-table 
2023-04-19 13:22:25,013 [nREPL-session-66407eb3-5d85-454b-aa68-80992b3e13e0] INFO  migratus.database - Connection is  {:connection #object[org.postgresql.jdbc.PgConnection 0x574d2c87 org.postgresql.jdbc.PgConnection@574d2c87]} Config is {:store :database, :db {:connection-uri uri-censored}} 
2023-04-19 13:22:25,994 [nREPL-session-66407eb3-5d85-454b-aa68-80992b3e13e0] DEBUG migratus.migration.sql - found 1 down migrations 
2023-04-19 13:22:26,167 [nREPL-session-66407eb3-5d85-454b-aa68-80992b3e13e0] DEBUG migratus.database - marking 20230418004535 not complete 
2023-04-19 13:22:26,415 [nREPL-session-66407eb3-5d85-454b-aa68-80992b3e13e0] INFO  migratus.core - Down 20230321184035-removes-catalog-book-info 
2023-04-19 13:22:26,416 [nREPL-session-66407eb3-5d85-454b-aa68-80992b3e13e0] INFO  migratus.database - Connection is  {:connection #object[org.postgresql.jdbc.PgConnection 0x574d2c87 org.postgresql.jdbc.PgConnection@574d2c87]} Config is {:store :database, :db {:connection-uri uri-censored}} 
2023-04-19 13:22:26,718 [nREPL-session-66407eb3-5d85-454b-aa68-80992b3e13e0] DEBUG migratus.migration.sql - found 3 down migrations 
2023-04-19 13:22:26,991 [nREPL-session-66407eb3-5d85-454b-aa68-80992b3e13e0] DEBUG migratus.database - marking 20230321184035 not complete 
2023-04-19 13:22:27,245 [nREPL-session-66407eb3-5d85-454b-aa68-80992b3e13e0] INFO  migratus.core - Down 20230228002443-initial-catalog-model 
2023-04-19 13:22:27,245 [nREPL-session-66407eb3-5d85-454b-aa68-80992b3e13e0] INFO  migratus.database - Connection is  {:connection #object[org.postgresql.jdbc.PgConnection 0x574d2c87 org.postgresql.jdbc.PgConnection@574d2c87]} Config is {:store :database, :db {:connection-uri uri-censored}} 
2023-04-19 13:22:27,640 [nREPL-session-66407eb3-5d85-454b-aa68-80992b3e13e0] DEBUG migratus.migration.sql - found 4 down migrations 
2023-04-19 13:22:28,238 [nREPL-session-66407eb3-5d85-454b-aa68-80992b3e13e0] DEBUG migratus.database - marking 20230228002443 not complete 
2023-04-19 13:22:28,589 [nREPL-session-66407eb3-5d85-454b-aa68-80992b3e13e0] INFO  migratus.core - Ending migrations 
2023-04-19 13:22:28,589 [nREPL-session-66407eb3-5d85-454b-aa68-80992b3e13e0] INFO  migratus.core - Starting migrations 
2023-04-19 13:22:29,776 [nREPL-session-66407eb3-5d85-454b-aa68-80992b3e13e0] DEBUG migratus.migrations - Looking for migrations in #object[java.io.File 0x4a0ea6b8 C:\Users\Misael\Documents\github\sugbi-1\resources\migrations] 
2023-04-19 13:22:29,792 [nREPL-session-66407eb3-5d85-454b-aa68-80992b3e13e0] INFO  migratus.core - Running up for [20230228002443 20230321184035 20230418004535] 
2023-04-19 13:22:29,794 [nREPL-session-66407eb3-5d85-454b-aa68-80992b3e13e0] INFO  migratus.core - Up 20230228002443-initial-catalog-model 
2023-04-19 13:22:29,795 [nREPL-session-66407eb3-5d85-454b-aa68-80992b3e13e0] INFO  migratus.database - Connection is  {:connection #object[org.postgresql.jdbc.PgConnection 0x7b1846e5 org.postgresql.jdbc.PgConnection@7b1846e5]} Config is {:store :database, :db {:connection-uri uri-censored}} 
2023-04-19 13:22:30,100 [nREPL-session-66407eb3-5d85-454b-aa68-80992b3e13e0] DEBUG migratus.migration.sql - found 4 up migrations 
2023-04-19 13:22:30,280 [nREPL-session-66407eb3-5d85-454b-aa68-80992b3e13e0] DEBUG migratus.database - marking 20230228002443 complete 
2023-04-19 13:22:30,300 [nREPL-session-66407eb3-5d85-454b-aa68-80992b3e13e0] INFO  migratus.core - Up 20230321184035-removes-catalog-book-info 
2023-04-19 13:22:30,302 [nREPL-session-66407eb3-5d85-454b-aa68-80992b3e13e0] INFO  migratus.database - Connection is  {:connection #object[org.postgresql.jdbc.PgConnection 0x7b1846e5 org.postgresql.jdbc.PgConnection@7b1846e5]} Config is {:store :database, :db {:connection-uri uri-censored}} 
2023-04-19 13:22:30,334 [nREPL-session-66407eb3-5d85-454b-aa68-80992b3e13e0] DEBUG migratus.migration.sql - found 3 up migrations 
2023-04-19 13:22:30,377 [nREPL-session-66407eb3-5d85-454b-aa68-80992b3e13e0] DEBUG migratus.database - marking 20230321184035 complete 
2023-04-19 13:22:30,401 [nREPL-session-66407eb3-5d85-454b-aa68-80992b3e13e0] INFO  migratus.core - Up 20230418004535-add-lendings-table 
2023-04-19 13:22:30,402 [nREPL-session-66407eb3-5d85-454b-aa68-80992b3e13e0] INFO  migratus.database - Connection is  {:connection #object[org.postgresql.jdbc.PgConnection 0x7b1846e5 org.postgresql.jdbc.PgConnection@7b1846e5]} Config is {:store :database, :db {:connection-uri uri-censored}} 
2023-04-19 13:22:30,435 [nREPL-session-66407eb3-5d85-454b-aa68-80992b3e13e0] DEBUG migratus.migration.sql - found 1 up migrations 
2023-04-19 13:22:30,471 [nREPL-session-66407eb3-5d85-454b-aa68-80992b3e13e0] DEBUG migratus.database - marking 20230418004535 complete 
2023-04-19 13:22:30,507 [nREPL-session-66407eb3-5d85-454b-aa68-80992b3e13e0] INFO  migratus.core - Ending migrations 
2023-04-19 13:22:30,514 [nREPL-session-66407eb3-5d85-454b-aa68-80992b3e13e0] INFO  migratus.core - Starting migrations 
2023-04-19 13:22:30,631 [nREPL-session-66407eb3-5d85-454b-aa68-80992b3e13e0] DEBUG migratus.migrations - Looking for migrations in #object[java.io.File 0x5684f8ad C:\Users\Misael\Documents\github\sugbi-1\resources\migrations] 
2023-04-19 13:22:30,646 [nREPL-session-66407eb3-5d85-454b-aa68-80992b3e13e0] INFO  migratus.core - Running down for [20230418004535 20230321184035 20230228002443] 
2023-04-19 13:22:30,646 [nREPL-session-66407eb3-5d85-454b-aa68-80992b3e13e0] INFO  migratus.core - Down 20230418004535-add-lendings-table 
2023-04-19 13:22:30,647 [nREPL-session-66407eb3-5d85-454b-aa68-80992b3e13e0] INFO  migratus.database - Connection is  {:connection #object[org.postgresql.jdbc.PgConnection 0x1067d50b org.postgresql.jdbc.PgConnection@1067d50b]} Config is {:store :database, :db {:connection-uri uri-censored}} 
2023-04-19 13:22:30,707 [nREPL-session-66407eb3-5d85-454b-aa68-80992b3e13e0] DEBUG migratus.migration.sql - found 1 down migrations 
2023-04-19 13:22:30,740 [nREPL-session-66407eb3-5d85-454b-aa68-80992b3e13e0] DEBUG migratus.database - marking 20230418004535 not complete 
2023-04-19 13:22:30,786 [nREPL-session-66407eb3-5d85-454b-aa68-80992b3e13e0] INFO  migratus.core - Down 20230321184035-removes-catalog-book-info 
2023-04-19 13:22:30,787 [nREPL-session-66407eb3-5d85-454b-aa68-80992b3e13e0] INFO  migratus.database - Connection is  {:connection #object[org.postgresql.jdbc.PgConnection 0x1067d50b org.postgresql.jdbc.PgConnection@1067d50b]} Config is {:store :database, :db {:connection-uri uri-censored}} 
2023-04-19 13:22:30,857 [nREPL-session-66407eb3-5d85-454b-aa68-80992b3e13e0] DEBUG migratus.migration.sql - found 3 down migrations 
2023-04-19 13:22:30,947 [nREPL-session-66407eb3-5d85-454b-aa68-80992b3e13e0] DEBUG migratus.database - marking 20230321184035 not complete 
2023-04-19 13:22:30,975 [nREPL-session-66407eb3-5d85-454b-aa68-80992b3e13e0] INFO  migratus.core - Down 20230228002443-initial-catalog-model 
2023-04-19 13:22:30,976 [nREPL-session-66407eb3-5d85-454b-aa68-80992b3e13e0] INFO  migratus.database - Connection is  {:connection #object[org.postgresql.jdbc.PgConnection 0x1067d50b org.postgresql.jdbc.PgConnection@1067d50b]} Config is {:store :database, :db {:connection-uri uri-censored}} 
2023-04-19 13:22:31,015 [nREPL-session-66407eb3-5d85-454b-aa68-80992b3e13e0] DEBUG migratus.migration.sql - found 4 down migrations 
2023-04-19 13:22:31,081 [nREPL-session-66407eb3-5d85-454b-aa68-80992b3e13e0] DEBUG migratus.database - marking 20230228002443 not complete 
2023-04-19 13:22:31,120 [nREPL-session-66407eb3-5d85-454b-aa68-80992b3e13e0] INFO  migratus.core - Ending migrations 
2023-04-19 13:22:31,121 [nREPL-session-66407eb3-5d85-454b-aa68-80992b3e13e0] INFO  migratus.core - Starting migrations 
2023-04-19 13:22:31,346 [nREPL-session-66407eb3-5d85-454b-aa68-80992b3e13e0] DEBUG migratus.migrations - Looking for migrations in #object[java.io.File 0x5e48d4e0 C:\Users\Misael\Documents\github\sugbi-1\resources\migrations] 
2023-04-19 13:22:31,360 [nREPL-session-66407eb3-5d85-454b-aa68-80992b3e13e0] INFO  migratus.core - Running up for [20230228002443 20230321184035 20230418004535] 
2023-04-19 13:22:31,362 [nREPL-session-66407eb3-5d85-454b-aa68-80992b3e13e0] INFO  migratus.core - Up 20230228002443-initial-catalog-model 
2023-04-19 13:22:31,362 [nREPL-session-66407eb3-5d85-454b-aa68-80992b3e13e0] INFO  migratus.database - Connection is  {:connection #object[org.postgresql.jdbc.PgConnection 0x104681ed org.postgresql.jdbc.PgConnection@104681ed]} Config is {:store :database, :db {:connection-uri uri-censored}} 
2023-04-19 13:22:31,455 [nREPL-session-66407eb3-5d85-454b-aa68-80992b3e13e0] DEBUG migratus.migration.sql - found 4 up migrations 
2023-04-19 13:22:31,571 [nREPL-session-66407eb3-5d85-454b-aa68-80992b3e13e0] DEBUG migratus.database - marking 20230228002443 complete 
2023-04-19 13:22:31,620 [nREPL-session-66407eb3-5d85-454b-aa68-80992b3e13e0] INFO  migratus.core - Up 20230321184035-removes-catalog-book-info 
2023-04-19 13:22:31,621 [nREPL-session-66407eb3-5d85-454b-aa68-80992b3e13e0] INFO  migratus.database - Connection is  {:connection #object[org.postgresql.jdbc.PgConnection 0x104681ed org.postgresql.jdbc.PgConnection@104681ed]} Config is {:store :database, :db {:connection-uri uri-censored}} 
2023-04-19 13:22:31,672 [nREPL-session-66407eb3-5d85-454b-aa68-80992b3e13e0] DEBUG migratus.migration.sql - found 3 up migrations 
2023-04-19 13:22:31,807 [nREPL-session-66407eb3-5d85-454b-aa68-80992b3e13e0] DEBUG migratus.database - marking 20230321184035 complete 
2023-04-19 13:22:31,834 [nREPL-session-66407eb3-5d85-454b-aa68-80992b3e13e0] INFO  migratus.core - Up 20230418004535-add-lendings-table 
2023-04-19 13:22:31,836 [nREPL-session-66407eb3-5d85-454b-aa68-80992b3e13e0] INFO  migratus.database - Connection is  {:connection #object[org.postgresql.jdbc.PgConnection 0x104681ed org.postgresql.jdbc.PgConnection@104681ed]} Config is {:store :database, :db {:connection-uri uri-censored}} 
2023-04-19 13:22:31,947 [nREPL-session-66407eb3-5d85-454b-aa68-80992b3e13e0] DEBUG migratus.migration.sql - found 1 up migrations 
2023-04-19 13:22:32,014 [nREPL-session-66407eb3-5d85-454b-aa68-80992b3e13e0] DEBUG migratus.database - marking 20230418004535 complete 
2023-04-19 13:22:32,096 [nREPL-session-66407eb3-5d85-454b-aa68-80992b3e13e0] INFO  migratus.core - Ending migrations 
2023-04-19 13:24:54,504 [main] INFO  migratus.core - Starting migrations 
2023-04-19 13:24:55,530 [main] DEBUG migratus.migrations - Looking for migrations in #object[java.io.File 0x7bcaa04a C:\Users\Misael\Documents\github\sugbi-1\resources\migrations] 
2023-04-19 13:24:55,553 [main] INFO  migratus.core - Ending migrations 
2023-04-19 13:56:20,880 [main] INFO  sugbi.env - 
-=[sugbi started successfully using the development profile]=- 
2023-04-19 13:56:22,937 [main] INFO  luminus.http-server - server started on port 3000 
2023-04-19 13:56:22,937 [main] INFO  sugbi.nrepl - starting nREPL server on port 7000 
2023-04-19 13:56:22,968 [main] INFO  sugbi.core - #'sugbi.auth.google.core/openid-configuration started 
2023-04-19 13:56:22,968 [main] INFO  sugbi.core - #'sugbi.db.core/*db* started 
2023-04-19 13:56:22,968 [main] INFO  sugbi.core - #'sugbi.handler/init-app started 
2023-04-19 13:56:22,968 [main] INFO  sugbi.core - #'sugbi.handler/app-routes started 
2023-04-19 13:56:22,968 [main] INFO  sugbi.core - #'sugbi.core/http-server started 
2023-04-19 13:56:22,968 [main] INFO  sugbi.core - #'sugbi.core/repl-server started 
2023-04-19 18:58:51,318 [main] INFO  sugbi.env - 
-=[sugbi started successfully using the development profile]=- 
2023-04-19 18:58:53,844 [main] INFO  luminus.http-server - server started on port 3000 
2023-04-19 18:58:53,845 [main] INFO  sugbi.nrepl - starting nREPL server on port 7000 
2023-04-19 18:58:53,877 [main] INFO  sugbi.core - #'sugbi.auth.google.core/openid-configuration started 
2023-04-19 18:58:53,878 [main] INFO  sugbi.core - #'sugbi.db.core/*db* started 
2023-04-19 18:58:53,878 [main] INFO  sugbi.core - #'sugbi.handler/init-app started 
2023-04-19 18:58:53,878 [main] INFO  sugbi.core - #'sugbi.handler/app-routes started 
2023-04-19 18:58:53,878 [main] INFO  sugbi.core - #'sugbi.core/http-server started 
2023-04-19 18:58:53,879 [main] INFO  sugbi.core - #'sugbi.core/repl-server started 
2023-04-19 18:59:42,198 [nREPL-session-61256dcb-3ec9-4d29-b256-a67a31635b10] INFO  migratus.core - Starting migrations 
2023-04-19 18:59:44,377 [nREPL-session-61256dcb-3ec9-4d29-b256-a67a31635b10] DEBUG migratus.migrations - Looking for migrations in #object[java.io.File 0x1882bcde C:\Users\Misael\Documents\github\sugbi\resources\migrations] 
2023-04-19 18:59:44,404 [nREPL-session-61256dcb-3ec9-4d29-b256-a67a31635b10] INFO  migratus.core - Running down for [20230418004535 20230321184035 20230228002443] 
2023-04-19 18:59:44,405 [nREPL-session-61256dcb-3ec9-4d29-b256-a67a31635b10] INFO  migratus.core - Down 20230418004535-add-lendings-table 
2023-04-19 18:59:44,411 [nREPL-session-61256dcb-3ec9-4d29-b256-a67a31635b10] INFO  migratus.database - Connection is  {:connection #object[org.postgresql.jdbc.PgConnection 0x6cb1e520 org.postgresql.jdbc.PgConnection@6cb1e520]} Config is {:store :database, :db {:connection-uri uri-censored}} 
2023-04-19 18:59:45,062 [nREPL-session-61256dcb-3ec9-4d29-b256-a67a31635b10] DEBUG migratus.migration.sql - found 1 down migrations 
2023-04-19 18:59:45,580 [nREPL-session-61256dcb-3ec9-4d29-b256-a67a31635b10] DEBUG migratus.database - marking 20230418004535 not complete 
2023-04-19 18:59:46,062 [nREPL-session-61256dcb-3ec9-4d29-b256-a67a31635b10] INFO  migratus.core - Down 20230321184035-removes-catalog-book-info 
2023-04-19 18:59:46,063 [nREPL-session-61256dcb-3ec9-4d29-b256-a67a31635b10] INFO  migratus.database - Connection is  {:connection #object[org.postgresql.jdbc.PgConnection 0x6cb1e520 org.postgresql.jdbc.PgConnection@6cb1e520]} Config is {:store :database, :db {:connection-uri uri-censored}} 
2023-04-19 18:59:46,613 [nREPL-session-61256dcb-3ec9-4d29-b256-a67a31635b10] DEBUG migratus.migration.sql - found 3 down migrations 
2023-04-19 18:59:47,427 [nREPL-session-61256dcb-3ec9-4d29-b256-a67a31635b10] DEBUG migratus.database - marking 20230321184035 not complete 
2023-04-19 18:59:47,711 [nREPL-session-61256dcb-3ec9-4d29-b256-a67a31635b10] INFO  migratus.core - Down 20230228002443-initial-catalog-model 
2023-04-19 18:59:47,712 [nREPL-session-61256dcb-3ec9-4d29-b256-a67a31635b10] INFO  migratus.database - Connection is  {:connection #object[org.postgresql.jdbc.PgConnection 0x6cb1e520 org.postgresql.jdbc.PgConnection@6cb1e520]} Config is {:store :database, :db {:connection-uri uri-censored}} 
2023-04-19 18:59:48,094 [nREPL-session-61256dcb-3ec9-4d29-b256-a67a31635b10] DEBUG migratus.migration.sql - found 4 down migrations 
2023-04-19 18:59:48,581 [nREPL-session-61256dcb-3ec9-4d29-b256-a67a31635b10] DEBUG migratus.database - marking 20230228002443 not complete 
2023-04-19 18:59:48,915 [nREPL-session-61256dcb-3ec9-4d29-b256-a67a31635b10] INFO  migratus.core - Ending migrations 
2023-04-19 18:59:48,917 [nREPL-session-61256dcb-3ec9-4d29-b256-a67a31635b10] INFO  migratus.core - Starting migrations 
2023-04-19 18:59:50,581 [nREPL-session-61256dcb-3ec9-4d29-b256-a67a31635b10] DEBUG migratus.migrations - Looking for migrations in #object[java.io.File 0x57193833 C:\Users\Misael\Documents\github\sugbi\resources\migrations] 
2023-04-19 18:59:50,597 [nREPL-session-61256dcb-3ec9-4d29-b256-a67a31635b10] INFO  migratus.core - Running up for [20230228002443 20230321184035 20230417032642 20230418004535 20230420002511] 
2023-04-19 18:59:50,598 [nREPL-session-61256dcb-3ec9-4d29-b256-a67a31635b10] INFO  migratus.core - Up 20230228002443-initial-catalog-model 
2023-04-19 18:59:50,599 [nREPL-session-61256dcb-3ec9-4d29-b256-a67a31635b10] INFO  migratus.database - Connection is  {:connection #object[org.postgresql.jdbc.PgConnection 0x3bb723e1 org.postgresql.jdbc.PgConnection@3bb723e1]} Config is {:store :database, :db {:connection-uri uri-censored}} 
2023-04-19 18:59:51,168 [nREPL-session-61256dcb-3ec9-4d29-b256-a67a31635b10] DEBUG migratus.migration.sql - found 4 up migrations 
2023-04-19 18:59:52,531 [nREPL-session-61256dcb-3ec9-4d29-b256-a67a31635b10] DEBUG migratus.database - marking 20230228002443 complete 
2023-04-19 18:59:53,041 [nREPL-session-61256dcb-3ec9-4d29-b256-a67a31635b10] INFO  migratus.core - Up 20230321184035-removes-catalog-book-info 
2023-04-19 18:59:53,042 [nREPL-session-61256dcb-3ec9-4d29-b256-a67a31635b10] INFO  migratus.database - Connection is  {:connection #object[org.postgresql.jdbc.PgConnection 0x3bb723e1 org.postgresql.jdbc.PgConnection@3bb723e1]} Config is {:store :database, :db {:connection-uri uri-censored}} 
2023-04-19 18:59:53,485 [nREPL-session-61256dcb-3ec9-4d29-b256-a67a31635b10] DEBUG migratus.migration.sql - found 3 up migrations 
2023-04-19 18:59:54,140 [nREPL-session-61256dcb-3ec9-4d29-b256-a67a31635b10] DEBUG migratus.database - marking 20230321184035 complete 
2023-04-19 18:59:54,428 [nREPL-session-61256dcb-3ec9-4d29-b256-a67a31635b10] INFO  migratus.core - Up 20230417032642-adds-librarians 
2023-04-19 18:59:54,429 [nREPL-session-61256dcb-3ec9-4d29-b256-a67a31635b10] INFO  migratus.database - Connection is  {:connection #object[org.postgresql.jdbc.PgConnection 0x3bb723e1 org.postgresql.jdbc.PgConnection@3bb723e1]} Config is {:store :database, :db {:connection-uri uri-censored}} 
2023-04-19 18:59:54,762 [nREPL-session-61256dcb-3ec9-4d29-b256-a67a31635b10] DEBUG migratus.migration.sql - found 2 up migrations 
2023-04-19 18:59:55,353 [nREPL-session-61256dcb-3ec9-4d29-b256-a67a31635b10] DEBUG migratus.database - marking 20230417032642 complete 
2023-04-19 18:59:55,603 [nREPL-session-61256dcb-3ec9-4d29-b256-a67a31635b10] INFO  migratus.core - Up 20230418004535-add-lendings-table 
2023-04-19 18:59:55,603 [nREPL-session-61256dcb-3ec9-4d29-b256-a67a31635b10] INFO  migratus.database - Connection is  {:connection #object[org.postgresql.jdbc.PgConnection 0x3bb723e1 org.postgresql.jdbc.PgConnection@3bb723e1]} Config is {:store :database, :db {:connection-uri uri-censored}} 
2023-04-19 18:59:55,879 [nREPL-session-61256dcb-3ec9-4d29-b256-a67a31635b10] DEBUG migratus.migration.sql - found 1 up migrations 
2023-04-19 18:59:56,077 [nREPL-session-61256dcb-3ec9-4d29-b256-a67a31635b10] DEBUG migratus.database - marking 20230418004535 complete 
2023-04-19 18:59:56,357 [nREPL-session-61256dcb-3ec9-4d29-b256-a67a31635b10] INFO  migratus.core - Up 20230420002511-add-book-items-table 
2023-04-19 18:59:56,358 [nREPL-session-61256dcb-3ec9-4d29-b256-a67a31635b10] INFO  migratus.database - Connection is  {:connection #object[org.postgresql.jdbc.PgConnection 0x3bb723e1 org.postgresql.jdbc.PgConnection@3bb723e1]} Config is {:store :database, :db {:connection-uri uri-censored}} 
2023-04-19 18:59:56,713 [nREPL-session-61256dcb-3ec9-4d29-b256-a67a31635b10] DEBUG migratus.migration.sql - found 2 up migrations 
2023-04-19 18:59:56,899 [nREPL-session-61256dcb-3ec9-4d29-b256-a67a31635b10] ERROR migratus.migration.sql - failed to execute command:
 create table catalog.book_items (
book_item_id bigint generated always as identity primary key,
book_id int not null,
available boolean not null,
); 
2023-04-19 18:59:56,900 [nREPL-session-61256dcb-3ec9-4d29-b256-a67a31635b10] ERROR migratus.migration.sql - ERROR: syntax error at or near ")"
  Position: 151 
2023-04-19 18:59:56,970 [nREPL-session-61256dcb-3ec9-4d29-b256-a67a31635b10] ERROR migratus.database - Migration add-book-items-table failed because Batch entry 0 create table catalog.book_items (
book_item_id bigint generated always as identity primary key,
book_id int not null,
available boolean not null,
) was aborted: ERROR: syntax error at or near ")"
  Position: 151  Call getNextException to see other errors in the batch. backing out 
2023-04-19 18:59:57,105 [nREPL-session-61256dcb-3ec9-4d29-b256-a67a31635b10] DEBUG migratus.migration.sql - found 2 down migrations 
2023-04-19 18:59:57,175 [nREPL-session-61256dcb-3ec9-4d29-b256-a67a31635b10] ERROR migratus.migration.sql - failed to execute command:
 alter table catalog.lendings drop column book_item_id;
 
2023-04-19 18:59:57,176 [nREPL-session-61256dcb-3ec9-4d29-b256-a67a31635b10] ERROR migratus.migration.sql - ERROR: column "book_item_id" of relation "lendings" does not exist 
2023-04-19 18:59:57,255 [nREPL-session-61256dcb-3ec9-4d29-b256-a67a31635b10] DEBUG migratus.database - As expected, one of the statements failed in add-book-items-table while backing out the migration 
java.sql.BatchUpdateException: Batch entry 0 alter table catalog.lendings drop column book_item_id was aborted: ERROR: column "book_item_id" of relation "lendings" does not exist  Call getNextException to see other errors in the batch.
	at org.postgresql.jdbc.BatchResultHandler.handleError(BatchResultHandler.java:165)
	at org.postgresql.core.ResultHandlerDelegate.handleError(ResultHandlerDelegate.java:52)
	at org.postgresql.core.v3.QueryExecutorImpl.processResults(QueryExecutorImpl.java:2366)
	at org.postgresql.core.v3.QueryExecutorImpl.execute(QueryExecutorImpl.java:559)
	at org.postgresql.jdbc.PgStatement.internalExecuteBatch(PgStatement.java:887)
	at org.postgresql.jdbc.PgStatement.executeBatch(PgStatement.java:910)
	at migratus.migration.sql$do_commands.invokeStatic(sql.clj:71)
	at migratus.migration.sql$do_commands.invoke(sql.clj:60)
	at migratus.migration.sql$execute_command$fn__27815.invoke(sql.clj:79)
	at migratus.migration.sql$execute_command.invokeStatic(sql.clj:78)
	at migratus.migration.sql$execute_command.invoke(sql.clj:75)
	at migratus.migration.sql$run_sql_STAR_.invokeStatic(sql.clj:96)
	at migratus.migration.sql$run_sql_STAR_.invoke(sql.clj:92)
	at migratus.migration.sql$run_sql$fn__27833.invoke(sql.clj:103)
	at next.jdbc.transaction$transact_STAR_.invokeStatic(transaction.clj:72)
	at next.jdbc.transaction$transact_STAR_.invoke(transaction.clj:51)
	at next.jdbc.transaction$eval13275$fn__13276.invoke(transaction.clj:121)
	at next.jdbc.protocols$eval12267$fn__12268$G__12258__12277.invoke(protocols.clj:57)
	at next.jdbc$transact.invokeStatic(jdbc.clj:381)
	at next.jdbc$transact.invoke(jdbc.clj:373)
	at migratus.migration.sql$run_sql.invokeStatic(sql.clj:102)
	at migratus.migration.sql$run_sql.invoke(sql.clj:98)
	at migratus.migration.sql.SqlMigration.down(sql.clj:122)
	at migratus.database$migrate_up_STAR_$fn__28201.invoke(database.clj:89)
	at migratus.database$migrate_up_STAR_.invokeStatic(database.clj:88)
	at migratus.database$migrate_up_STAR_.invoke(database.clj:74)
	at migratus.database.Database$fn__28267.invoke(database.clj:301)
	at next.jdbc.transaction$transact_STAR_.invokeStatic(transaction.clj:72)
	at next.jdbc.transaction$transact_STAR_.invoke(transaction.clj:51)
	at next.jdbc.transaction$eval13275$fn__13276.invoke(transaction.clj:121)
	at next.jdbc.protocols$eval12267$fn__12268$G__12258__12277.invoke(protocols.clj:57)
	at next.jdbc$transact.invokeStatic(jdbc.clj:381)
	at next.jdbc$transact.invoke(jdbc.clj:373)
	at migratus.database.Database.migrate_up(database.clj:300)
	at migratus.core$up_STAR_.invokeStatic(core.clj:83)
	at migratus.core$up_STAR_.invoke(core.clj:81)
	at migratus.core$migrate_up_STAR_.invokeStatic(core.clj:94)
	at migratus.core$migrate_up_STAR_.invoke(core.clj:85)
	at migratus.core$migrate_STAR_.invokeStatic(core.clj:107)
	at migratus.core$migrate_STAR_.invoke(core.clj:103)
	at clojure.core$partial$fn__5908.invoke(core.clj:2642)
	at migratus.core$run.invokeStatic(core.clj:54)
	at migratus.core$run.invoke(core.clj:50)
	at migratus.core$migrate.invokeStatic(core.clj:114)
	at migratus.core$migrate.invoke(core.clj:109)
	at migratus.core$reset.invokeStatic(core.clj:168)
	at migratus.core$reset.invoke(core.clj:163)
	at luminus_migrations.core$fn__28418.invokeStatic(core.clj:28)
	at luminus_migrations.core$fn__28418.invoke(core.clj:27)
	at luminus_migrations.core$migrate.invokeStatic(core.clj:98)
	at luminus_migrations.core$migrate.invoke(core.clj:84)
	at user$reset_db.invokeStatic(user.clj:44)
	at user$reset_db.invoke(user.clj:41)
	at user$eval29018.invokeStatic(form-init10811980304439633833.clj:30)
	at user$eval29018.invoke(form-init10811980304439633833.clj:30)
	at clojure.lang.Compiler.eval(Compiler.java:7194)
	at clojure.lang.Compiler.eval(Compiler.java:7149)
	at clojure.core$eval.invokeStatic(core.clj:3215)
	at clojure.core$eval.invoke(core.clj:3211)
	at nrepl.middleware.interruptible_eval$evaluate$fn__26127$fn__26128.invoke(interruptible_eval.clj:87)
	at clojure.lang.AFn.applyToHelper(AFn.java:152)
	at clojure.lang.AFn.applyTo(AFn.java:144)
	at clojure.core$apply.invokeStatic(core.clj:667)
	at clojure.core$with_bindings_STAR_.invokeStatic(core.clj:1990)
	at clojure.core$with_bindings_STAR_.doInvoke(core.clj:1990)
	at clojure.lang.RestFn.invoke(RestFn.java:425)
	at nrepl.middleware.interruptible_eval$evaluate$fn__26127.invoke(interruptible_eval.clj:87)
	at clojure.main$repl$read_eval_print__9206$fn__9209.invoke(main.clj:437)
	at clojure.main$repl$read_eval_print__9206.invoke(main.clj:437)
	at clojure.main$repl$fn__9215.invoke(main.clj:458)
	at clojure.main$repl.invokeStatic(main.clj:458)
	at clojure.main$repl.doInvoke(main.clj:368)
	at clojure.lang.RestFn.invoke(RestFn.java:1523)
	at nrepl.middleware.interruptible_eval$evaluate.invokeStatic(interruptible_eval.clj:84)
	at nrepl.middleware.interruptible_eval$evaluate.invoke(interruptible_eval.clj:56)
	at nrepl.middleware.interruptible_eval$interruptible_eval$fn__26160$fn__26164.invoke(interruptible_eval.clj:152)
	at clojure.lang.AFn.run(AFn.java:22)
	at nrepl.middleware.session$session_exec$main_loop__26230$fn__26234.invoke(session.clj:218)
	at nrepl.middleware.session$session_exec$main_loop__26230.invoke(session.clj:217)
	at clojure.lang.AFn.run(AFn.java:22)
	at java.base/java.lang.Thread.run(Thread.java:1589)
Caused by: org.postgresql.util.PSQLException: ERROR: column "book_item_id" of relation "lendings" does not exist
	at org.postgresql.core.v3.QueryExecutorImpl.receiveErrorResponse(QueryExecutorImpl.java:2675)
	at org.postgresql.core.v3.QueryExecutorImpl.processResults(QueryExecutorImpl.java:2365)
	... 78 common frames omitted
2023-04-19 18:59:57,549 [nREPL-session-61256dcb-3ec9-4d29-b256-a67a31635b10] INFO  migratus.core - Ending migrations 
2023-04-19 19:01:22,047 [nREPL-session-61256dcb-3ec9-4d29-b256-a67a31635b10] INFO  migratus.core - Starting migrations 
2023-04-19 19:01:22,165 [nREPL-session-61256dcb-3ec9-4d29-b256-a67a31635b10] DEBUG migratus.migrations - Looking for migrations in #object[java.io.File 0x2f0295a9 C:\Users\Misael\Documents\github\sugbi\resources\migrations] 
2023-04-19 19:01:22,181 [nREPL-session-61256dcb-3ec9-4d29-b256-a67a31635b10] INFO  migratus.core - Running down for [20230418004535 20230417032642 20230321184035 20230228002443] 
2023-04-19 19:01:22,182 [nREPL-session-61256dcb-3ec9-4d29-b256-a67a31635b10] INFO  migratus.core - Down 20230418004535-add-lendings-table 
2023-04-19 19:01:22,183 [nREPL-session-61256dcb-3ec9-4d29-b256-a67a31635b10] INFO  migratus.database - Connection is  {:connection #object[org.postgresql.jdbc.PgConnection 0x4bb3cd65 org.postgresql.jdbc.PgConnection@4bb3cd65]} Config is {:store :database, :db {:connection-uri uri-censored}} 
2023-04-19 19:01:22,225 [nREPL-session-61256dcb-3ec9-4d29-b256-a67a31635b10] DEBUG migratus.migration.sql - found 1 down migrations 
2023-04-19 19:01:22,257 [nREPL-session-61256dcb-3ec9-4d29-b256-a67a31635b10] DEBUG migratus.database - marking 20230418004535 not complete 
2023-04-19 19:01:22,278 [nREPL-session-61256dcb-3ec9-4d29-b256-a67a31635b10] INFO  migratus.core - Down 20230417032642-adds-librarians 
2023-04-19 19:01:22,279 [nREPL-session-61256dcb-3ec9-4d29-b256-a67a31635b10] INFO  migratus.database - Connection is  {:connection #object[org.postgresql.jdbc.PgConnection 0x4bb3cd65 org.postgresql.jdbc.PgConnection@4bb3cd65]} Config is {:store :database, :db {:connection-uri uri-censored}} 
2023-04-19 19:01:22,343 [nREPL-session-61256dcb-3ec9-4d29-b256-a67a31635b10] DEBUG migratus.migration.sql - found 2 down migrations 
2023-04-19 19:01:22,387 [nREPL-session-61256dcb-3ec9-4d29-b256-a67a31635b10] DEBUG migratus.database - marking 20230417032642 not complete 
2023-04-19 19:01:22,437 [nREPL-session-61256dcb-3ec9-4d29-b256-a67a31635b10] INFO  migratus.core - Down 20230321184035-removes-catalog-book-info 
2023-04-19 19:01:22,438 [nREPL-session-61256dcb-3ec9-4d29-b256-a67a31635b10] INFO  migratus.database - Connection is  {:connection #object[org.postgresql.jdbc.PgConnection 0x4bb3cd65 org.postgresql.jdbc.PgConnection@4bb3cd65]} Config is {:store :database, :db {:connection-uri uri-censored}} 
2023-04-19 19:01:22,477 [nREPL-session-61256dcb-3ec9-4d29-b256-a67a31635b10] DEBUG migratus.migration.sql - found 3 down migrations 
2023-04-19 19:01:22,560 [nREPL-session-61256dcb-3ec9-4d29-b256-a67a31635b10] DEBUG migratus.database - marking 20230321184035 not complete 
2023-04-19 19:01:22,579 [nREPL-session-61256dcb-3ec9-4d29-b256-a67a31635b10] INFO  migratus.core - Down 20230228002443-initial-catalog-model 
2023-04-19 19:01:22,580 [nREPL-session-61256dcb-3ec9-4d29-b256-a67a31635b10] INFO  migratus.database - Connection is  {:connection #object[org.postgresql.jdbc.PgConnection 0x4bb3cd65 org.postgresql.jdbc.PgConnection@4bb3cd65]} Config is {:store :database, :db {:connection-uri uri-censored}} 
2023-04-19 19:01:22,623 [nREPL-session-61256dcb-3ec9-4d29-b256-a67a31635b10] DEBUG migratus.migration.sql - found 4 down migrations 
2023-04-19 19:01:22,676 [nREPL-session-61256dcb-3ec9-4d29-b256-a67a31635b10] DEBUG migratus.database - marking 20230228002443 not complete 
2023-04-19 19:01:22,709 [nREPL-session-61256dcb-3ec9-4d29-b256-a67a31635b10] INFO  migratus.core - Ending migrations 
2023-04-19 19:01:22,711 [nREPL-session-61256dcb-3ec9-4d29-b256-a67a31635b10] INFO  migratus.core - Starting migrations 
2023-04-19 19:01:22,805 [nREPL-session-61256dcb-3ec9-4d29-b256-a67a31635b10] DEBUG migratus.migrations - Looking for migrations in #object[java.io.File 0x72c57f4d C:\Users\Misael\Documents\github\sugbi\resources\migrations] 
2023-04-19 19:01:22,819 [nREPL-session-61256dcb-3ec9-4d29-b256-a67a31635b10] INFO  migratus.core - Running up for [20230228002443 20230321184035 20230417032642 20230418004535 20230420002511] 
2023-04-19 19:01:22,819 [nREPL-session-61256dcb-3ec9-4d29-b256-a67a31635b10] INFO  migratus.core - Up 20230228002443-initial-catalog-model 
2023-04-19 19:01:22,819 [nREPL-session-61256dcb-3ec9-4d29-b256-a67a31635b10] INFO  migratus.database - Connection is  {:connection #object[org.postgresql.jdbc.PgConnection 0xbf918be org.postgresql.jdbc.PgConnection@bf918be]} Config is {:store :database, :db {:connection-uri uri-censored}} 
2023-04-19 19:01:22,846 [nREPL-session-61256dcb-3ec9-4d29-b256-a67a31635b10] DEBUG migratus.migration.sql - found 4 up migrations 
2023-04-19 19:01:22,924 [nREPL-session-61256dcb-3ec9-4d29-b256-a67a31635b10] DEBUG migratus.database - marking 20230228002443 complete 
2023-04-19 19:01:22,936 [nREPL-session-61256dcb-3ec9-4d29-b256-a67a31635b10] INFO  migratus.core - Up 20230321184035-removes-catalog-book-info 
2023-04-19 19:01:22,936 [nREPL-session-61256dcb-3ec9-4d29-b256-a67a31635b10] INFO  migratus.database - Connection is  {:connection #object[org.postgresql.jdbc.PgConnection 0xbf918be org.postgresql.jdbc.PgConnection@bf918be]} Config is {:store :database, :db {:connection-uri uri-censored}} 
2023-04-19 19:01:22,950 [nREPL-session-61256dcb-3ec9-4d29-b256-a67a31635b10] DEBUG migratus.migration.sql - found 3 up migrations 
2023-04-19 19:01:22,983 [nREPL-session-61256dcb-3ec9-4d29-b256-a67a31635b10] DEBUG migratus.database - marking 20230321184035 complete 
2023-04-19 19:01:23,004 [nREPL-session-61256dcb-3ec9-4d29-b256-a67a31635b10] INFO  migratus.core - Up 20230417032642-adds-librarians 
2023-04-19 19:01:23,004 [nREPL-session-61256dcb-3ec9-4d29-b256-a67a31635b10] INFO  migratus.database - Connection is  {:connection #object[org.postgresql.jdbc.PgConnection 0xbf918be org.postgresql.jdbc.PgConnection@bf918be]} Config is {:store :database, :db {:connection-uri uri-censored}} 
2023-04-19 19:01:23,025 [nREPL-session-61256dcb-3ec9-4d29-b256-a67a31635b10] DEBUG migratus.migration.sql - found 2 up migrations 
2023-04-19 19:01:23,076 [nREPL-session-61256dcb-3ec9-4d29-b256-a67a31635b10] DEBUG migratus.database - marking 20230417032642 complete 
2023-04-19 19:01:23,094 [nREPL-session-61256dcb-3ec9-4d29-b256-a67a31635b10] INFO  migratus.core - Up 20230418004535-add-lendings-table 
2023-04-19 19:01:23,095 [nREPL-session-61256dcb-3ec9-4d29-b256-a67a31635b10] INFO  migratus.database - Connection is  {:connection #object[org.postgresql.jdbc.PgConnection 0xbf918be org.postgresql.jdbc.PgConnection@bf918be]} Config is {:store :database, :db {:connection-uri uri-censored}} 
2023-04-19 19:01:23,117 [nREPL-session-61256dcb-3ec9-4d29-b256-a67a31635b10] DEBUG migratus.migration.sql - found 1 up migrations 
2023-04-19 19:01:23,144 [nREPL-session-61256dcb-3ec9-4d29-b256-a67a31635b10] DEBUG migratus.database - marking 20230418004535 complete 
2023-04-19 19:01:23,160 [nREPL-session-61256dcb-3ec9-4d29-b256-a67a31635b10] INFO  migratus.core - Up 20230420002511-add-book-items-table 
2023-04-19 19:01:23,161 [nREPL-session-61256dcb-3ec9-4d29-b256-a67a31635b10] INFO  migratus.database - Connection is  {:connection #object[org.postgresql.jdbc.PgConnection 0xbf918be org.postgresql.jdbc.PgConnection@bf918be]} Config is {:store :database, :db {:connection-uri uri-censored}} 
2023-04-19 19:01:23,180 [nREPL-session-61256dcb-3ec9-4d29-b256-a67a31635b10] DEBUG migratus.migration.sql - found 2 up migrations 
2023-04-19 19:01:23,190 [nREPL-session-61256dcb-3ec9-4d29-b256-a67a31635b10] ERROR migratus.migration.sql - failed to execute command:
 create table catalog.book_items (
book_item_id bigint generated always as identity primary key,
book_id int not null,
available boolean not null,
); 
2023-04-19 19:01:23,190 [nREPL-session-61256dcb-3ec9-4d29-b256-a67a31635b10] ERROR migratus.migration.sql - ERROR: syntax error at or near ")"
  Position: 151 
2023-04-19 19:01:23,194 [nREPL-session-61256dcb-3ec9-4d29-b256-a67a31635b10] ERROR migratus.database - Migration add-book-items-table failed because Batch entry 0 create table catalog.book_items (
book_item_id bigint generated always as identity primary key,
book_id int not null,
available boolean not null,
) was aborted: ERROR: syntax error at or near ")"
  Position: 151  Call getNextException to see other errors in the batch. backing out 
2023-04-19 19:01:23,199 [nREPL-session-61256dcb-3ec9-4d29-b256-a67a31635b10] DEBUG migratus.migration.sql - found 2 down migrations 
2023-04-19 19:01:23,207 [nREPL-session-61256dcb-3ec9-4d29-b256-a67a31635b10] ERROR migratus.migration.sql - failed to execute command:
 drop table catalog.book_items;
 
2023-04-19 19:01:23,207 [nREPL-session-61256dcb-3ec9-4d29-b256-a67a31635b10] ERROR migratus.migration.sql - ERROR: table "book_items" does not exist 
2023-04-19 19:01:23,212 [nREPL-session-61256dcb-3ec9-4d29-b256-a67a31635b10] DEBUG migratus.database - As expected, one of the statements failed in add-book-items-table while backing out the migration 
java.sql.BatchUpdateException: Batch entry 0 drop table catalog.book_items was aborted: ERROR: table "book_items" does not exist  Call getNextException to see other errors in the batch.
	at org.postgresql.jdbc.BatchResultHandler.handleError(BatchResultHandler.java:165)
	at org.postgresql.core.ResultHandlerDelegate.handleError(ResultHandlerDelegate.java:52)
	at org.postgresql.core.v3.QueryExecutorImpl.processResults(QueryExecutorImpl.java:2366)
	at org.postgresql.core.v3.QueryExecutorImpl.execute(QueryExecutorImpl.java:559)
	at org.postgresql.jdbc.PgStatement.internalExecuteBatch(PgStatement.java:887)
	at org.postgresql.jdbc.PgStatement.executeBatch(PgStatement.java:910)
	at migratus.migration.sql$do_commands.invokeStatic(sql.clj:71)
	at migratus.migration.sql$do_commands.invoke(sql.clj:60)
	at migratus.migration.sql$execute_command$fn__27815.invoke(sql.clj:79)
	at migratus.migration.sql$execute_command.invokeStatic(sql.clj:78)
	at migratus.migration.sql$execute_command.invoke(sql.clj:75)
	at migratus.migration.sql$run_sql_STAR_.invokeStatic(sql.clj:96)
	at migratus.migration.sql$run_sql_STAR_.invoke(sql.clj:92)
	at migratus.migration.sql$run_sql$fn__27833.invoke(sql.clj:103)
	at next.jdbc.transaction$transact_STAR_.invokeStatic(transaction.clj:72)
	at next.jdbc.transaction$transact_STAR_.invoke(transaction.clj:51)
	at next.jdbc.transaction$eval13275$fn__13276.invoke(transaction.clj:121)
	at next.jdbc.protocols$eval12267$fn__12268$G__12258__12277.invoke(protocols.clj:57)
	at next.jdbc$transact.invokeStatic(jdbc.clj:381)
	at next.jdbc$transact.invoke(jdbc.clj:373)
	at migratus.migration.sql$run_sql.invokeStatic(sql.clj:102)
	at migratus.migration.sql$run_sql.invoke(sql.clj:98)
	at migratus.migration.sql.SqlMigration.down(sql.clj:122)
	at migratus.database$migrate_up_STAR_$fn__28201.invoke(database.clj:89)
	at migratus.database$migrate_up_STAR_.invokeStatic(database.clj:88)
	at migratus.database$migrate_up_STAR_.invoke(database.clj:74)
	at migratus.database.Database$fn__28267.invoke(database.clj:301)
	at next.jdbc.transaction$transact_STAR_.invokeStatic(transaction.clj:72)
	at next.jdbc.transaction$transact_STAR_.invoke(transaction.clj:51)
	at next.jdbc.transaction$eval13275$fn__13276.invoke(transaction.clj:121)
	at next.jdbc.protocols$eval12267$fn__12268$G__12258__12277.invoke(protocols.clj:57)
	at next.jdbc$transact.invokeStatic(jdbc.clj:381)
	at next.jdbc$transact.invoke(jdbc.clj:373)
	at migratus.database.Database.migrate_up(database.clj:300)
	at migratus.core$up_STAR_.invokeStatic(core.clj:83)
	at migratus.core$up_STAR_.invoke(core.clj:81)
	at migratus.core$migrate_up_STAR_.invokeStatic(core.clj:94)
	at migratus.core$migrate_up_STAR_.invoke(core.clj:85)
	at migratus.core$migrate_STAR_.invokeStatic(core.clj:107)
	at migratus.core$migrate_STAR_.invoke(core.clj:103)
	at clojure.core$partial$fn__5908.invoke(core.clj:2642)
	at migratus.core$run.invokeStatic(core.clj:54)
	at migratus.core$run.invoke(core.clj:50)
	at migratus.core$migrate.invokeStatic(core.clj:114)
	at migratus.core$migrate.invoke(core.clj:109)
	at migratus.core$reset.invokeStatic(core.clj:168)
	at migratus.core$reset.invoke(core.clj:163)
	at luminus_migrations.core$fn__28418.invokeStatic(core.clj:28)
	at luminus_migrations.core$fn__28418.invoke(core.clj:27)
	at luminus_migrations.core$migrate.invokeStatic(core.clj:98)
	at luminus_migrations.core$migrate.invoke(core.clj:84)
	at user$reset_db.invokeStatic(user.clj:44)
	at user$reset_db.invoke(user.clj:41)
	at user$eval29020.invokeStatic(form-init10811980304439633833.clj:35)
	at user$eval29020.invoke(form-init10811980304439633833.clj:35)
	at clojure.lang.Compiler.eval(Compiler.java:7194)
	at clojure.lang.Compiler.eval(Compiler.java:7149)
	at clojure.core$eval.invokeStatic(core.clj:3215)
	at clojure.core$eval.invoke(core.clj:3211)
	at nrepl.middleware.interruptible_eval$evaluate$fn__26127$fn__26128.invoke(interruptible_eval.clj:87)
	at clojure.lang.AFn.applyToHelper(AFn.java:152)
	at clojure.lang.AFn.applyTo(AFn.java:144)
	at clojure.core$apply.invokeStatic(core.clj:667)
	at clojure.core$with_bindings_STAR_.invokeStatic(core.clj:1990)
	at clojure.core$with_bindings_STAR_.doInvoke(core.clj:1990)
	at clojure.lang.RestFn.invoke(RestFn.java:425)
	at nrepl.middleware.interruptible_eval$evaluate$fn__26127.invoke(interruptible_eval.clj:87)
	at clojure.main$repl$read_eval_print__9206$fn__9209.invoke(main.clj:437)
	at clojure.main$repl$read_eval_print__9206.invoke(main.clj:437)
	at clojure.main$repl$fn__9215.invoke(main.clj:458)
	at clojure.main$repl.invokeStatic(main.clj:458)
	at clojure.main$repl.doInvoke(main.clj:368)
	at clojure.lang.RestFn.invoke(RestFn.java:1523)
	at nrepl.middleware.interruptible_eval$evaluate.invokeStatic(interruptible_eval.clj:84)
	at nrepl.middleware.interruptible_eval$evaluate.invoke(interruptible_eval.clj:56)
	at nrepl.middleware.interruptible_eval$interruptible_eval$fn__26160$fn__26164.invoke(interruptible_eval.clj:152)
	at clojure.lang.AFn.run(AFn.java:22)
	at nrepl.middleware.session$session_exec$main_loop__26230$fn__26234.invoke(session.clj:218)
	at nrepl.middleware.session$session_exec$main_loop__26230.invoke(session.clj:217)
	at clojure.lang.AFn.run(AFn.java:22)
	at java.base/java.lang.Thread.run(Thread.java:1589)
Caused by: org.postgresql.util.PSQLException: ERROR: table "book_items" does not exist
	at org.postgresql.core.v3.QueryExecutorImpl.receiveErrorResponse(QueryExecutorImpl.java:2675)
	at org.postgresql.core.v3.QueryExecutorImpl.processResults(QueryExecutorImpl.java:2365)
	... 78 common frames omitted
2023-04-19 19:01:23,228 [nREPL-session-61256dcb-3ec9-4d29-b256-a67a31635b10] INFO  migratus.core - Ending migrations 
2023-04-19 19:01:55,073 [nREPL-session-61256dcb-3ec9-4d29-b256-a67a31635b10] INFO  migratus.core - Starting migrations 
2023-04-19 19:01:55,196 [nREPL-session-61256dcb-3ec9-4d29-b256-a67a31635b10] DEBUG migratus.migrations - Looking for migrations in #object[java.io.File 0x7e6dd29d C:\Users\Misael\Documents\github\sugbi\resources\migrations] 
2023-04-19 19:01:55,209 [nREPL-session-61256dcb-3ec9-4d29-b256-a67a31635b10] INFO  migratus.core - Running down for [20230418004535 20230417032642 20230321184035 20230228002443] 
2023-04-19 19:01:55,210 [nREPL-session-61256dcb-3ec9-4d29-b256-a67a31635b10] INFO  migratus.core - Down 20230418004535-add-lendings-table 
2023-04-19 19:01:55,211 [nREPL-session-61256dcb-3ec9-4d29-b256-a67a31635b10] INFO  migratus.database - Connection is  {:connection #object[org.postgresql.jdbc.PgConnection 0x80cdd1c org.postgresql.jdbc.PgConnection@80cdd1c]} Config is {:store :database, :db {:connection-uri uri-censored}} 
2023-04-19 19:01:55,257 [nREPL-session-61256dcb-3ec9-4d29-b256-a67a31635b10] DEBUG migratus.migration.sql - found 1 down migrations 
2023-04-19 19:01:55,270 [nREPL-session-61256dcb-3ec9-4d29-b256-a67a31635b10] DEBUG migratus.database - marking 20230418004535 not complete 
2023-04-19 19:01:55,291 [nREPL-session-61256dcb-3ec9-4d29-b256-a67a31635b10] INFO  migratus.core - Down 20230417032642-adds-librarians 
2023-04-19 19:01:55,291 [nREPL-session-61256dcb-3ec9-4d29-b256-a67a31635b10] INFO  migratus.database - Connection is  {:connection #object[org.postgresql.jdbc.PgConnection 0x80cdd1c org.postgresql.jdbc.PgConnection@80cdd1c]} Config is {:store :database, :db {:connection-uri uri-censored}} 
2023-04-19 19:01:55,329 [nREPL-session-61256dcb-3ec9-4d29-b256-a67a31635b10] DEBUG migratus.migration.sql - found 2 down migrations 
2023-04-19 19:01:55,365 [nREPL-session-61256dcb-3ec9-4d29-b256-a67a31635b10] DEBUG migratus.database - marking 20230417032642 not complete 
2023-04-19 19:01:55,384 [nREPL-session-61256dcb-3ec9-4d29-b256-a67a31635b10] INFO  migratus.core - Down 20230321184035-removes-catalog-book-info 
2023-04-19 19:01:55,384 [nREPL-session-61256dcb-3ec9-4d29-b256-a67a31635b10] INFO  migratus.database - Connection is  {:connection #object[org.postgresql.jdbc.PgConnection 0x80cdd1c org.postgresql.jdbc.PgConnection@80cdd1c]} Config is {:store :database, :db {:connection-uri uri-censored}} 
2023-04-19 19:01:55,417 [nREPL-session-61256dcb-3ec9-4d29-b256-a67a31635b10] DEBUG migratus.migration.sql - found 3 down migrations 
2023-04-19 19:01:55,483 [nREPL-session-61256dcb-3ec9-4d29-b256-a67a31635b10] DEBUG migratus.database - marking 20230321184035 not complete 
2023-04-19 19:01:55,532 [nREPL-session-61256dcb-3ec9-4d29-b256-a67a31635b10] INFO  migratus.core - Down 20230228002443-initial-catalog-model 
2023-04-19 19:01:55,533 [nREPL-session-61256dcb-3ec9-4d29-b256-a67a31635b10] INFO  migratus.database - Connection is  {:connection #object[org.postgresql.jdbc.PgConnection 0x80cdd1c org.postgresql.jdbc.PgConnection@80cdd1c]} Config is {:store :database, :db {:connection-uri uri-censored}} 
2023-04-19 19:01:55,595 [nREPL-session-61256dcb-3ec9-4d29-b256-a67a31635b10] DEBUG migratus.migration.sql - found 4 down migrations 
2023-04-19 19:01:55,638 [nREPL-session-61256dcb-3ec9-4d29-b256-a67a31635b10] DEBUG migratus.database - marking 20230228002443 not complete 
2023-04-19 19:01:55,680 [nREPL-session-61256dcb-3ec9-4d29-b256-a67a31635b10] INFO  migratus.core - Ending migrations 
2023-04-19 19:01:55,682 [nREPL-session-61256dcb-3ec9-4d29-b256-a67a31635b10] INFO  migratus.core - Starting migrations 
2023-04-19 19:01:55,754 [nREPL-session-61256dcb-3ec9-4d29-b256-a67a31635b10] DEBUG migratus.migrations - Looking for migrations in #object[java.io.File 0x3cf29140 C:\Users\Misael\Documents\github\sugbi\resources\migrations] 
2023-04-19 19:01:55,765 [nREPL-session-61256dcb-3ec9-4d29-b256-a67a31635b10] INFO  migratus.core - Running up for [20230228002443 20230321184035 20230417032642 20230418004535 20230420002511] 
2023-04-19 19:01:55,767 [nREPL-session-61256dcb-3ec9-4d29-b256-a67a31635b10] INFO  migratus.core - Up 20230228002443-initial-catalog-model 
2023-04-19 19:01:55,767 [nREPL-session-61256dcb-3ec9-4d29-b256-a67a31635b10] INFO  migratus.database - Connection is  {:connection #object[org.postgresql.jdbc.PgConnection 0x3afd9df1 org.postgresql.jdbc.PgConnection@3afd9df1]} Config is {:store :database, :db {:connection-uri uri-censored}} 
2023-04-19 19:01:55,792 [nREPL-session-61256dcb-3ec9-4d29-b256-a67a31635b10] DEBUG migratus.migration.sql - found 4 up migrations 
2023-04-19 19:01:55,861 [nREPL-session-61256dcb-3ec9-4d29-b256-a67a31635b10] DEBUG migratus.database - marking 20230228002443 complete 
2023-04-19 19:01:55,874 [nREPL-session-61256dcb-3ec9-4d29-b256-a67a31635b10] INFO  migratus.core - Up 20230321184035-removes-catalog-book-info 
2023-04-19 19:01:55,875 [nREPL-session-61256dcb-3ec9-4d29-b256-a67a31635b10] INFO  migratus.database - Connection is  {:connection #object[org.postgresql.jdbc.PgConnection 0x3afd9df1 org.postgresql.jdbc.PgConnection@3afd9df1]} Config is {:store :database, :db {:connection-uri uri-censored}} 
2023-04-19 19:01:55,888 [nREPL-session-61256dcb-3ec9-4d29-b256-a67a31635b10] DEBUG migratus.migration.sql - found 3 up migrations 
2023-04-19 19:01:55,915 [nREPL-session-61256dcb-3ec9-4d29-b256-a67a31635b10] DEBUG migratus.database - marking 20230321184035 complete 
2023-04-19 19:01:55,931 [nREPL-session-61256dcb-3ec9-4d29-b256-a67a31635b10] INFO  migratus.core - Up 20230417032642-adds-librarians 
2023-04-19 19:01:55,931 [nREPL-session-61256dcb-3ec9-4d29-b256-a67a31635b10] INFO  migratus.database - Connection is  {:connection #object[org.postgresql.jdbc.PgConnection 0x3afd9df1 org.postgresql.jdbc.PgConnection@3afd9df1]} Config is {:store :database, :db {:connection-uri uri-censored}} 
2023-04-19 19:01:55,947 [nREPL-session-61256dcb-3ec9-4d29-b256-a67a31635b10] DEBUG migratus.migration.sql - found 2 up migrations 
2023-04-19 19:01:55,988 [nREPL-session-61256dcb-3ec9-4d29-b256-a67a31635b10] DEBUG migratus.database - marking 20230417032642 complete 
2023-04-19 19:01:56,003 [nREPL-session-61256dcb-3ec9-4d29-b256-a67a31635b10] INFO  migratus.core - Up 20230418004535-add-lendings-table 
2023-04-19 19:01:56,004 [nREPL-session-61256dcb-3ec9-4d29-b256-a67a31635b10] INFO  migratus.database - Connection is  {:connection #object[org.postgresql.jdbc.PgConnection 0x3afd9df1 org.postgresql.jdbc.PgConnection@3afd9df1]} Config is {:store :database, :db {:connection-uri uri-censored}} 
2023-04-19 19:01:56,022 [nREPL-session-61256dcb-3ec9-4d29-b256-a67a31635b10] DEBUG migratus.migration.sql - found 1 up migrations 
2023-04-19 19:01:56,040 [nREPL-session-61256dcb-3ec9-4d29-b256-a67a31635b10] DEBUG migratus.database - marking 20230418004535 complete 
2023-04-19 19:01:56,057 [nREPL-session-61256dcb-3ec9-4d29-b256-a67a31635b10] INFO  migratus.core - Up 20230420002511-add-book-items-table 
2023-04-19 19:01:56,058 [nREPL-session-61256dcb-3ec9-4d29-b256-a67a31635b10] INFO  migratus.database - Connection is  {:connection #object[org.postgresql.jdbc.PgConnection 0x3afd9df1 org.postgresql.jdbc.PgConnection@3afd9df1]} Config is {:store :database, :db {:connection-uri uri-censored}} 
2023-04-19 19:01:56,073 [nREPL-session-61256dcb-3ec9-4d29-b256-a67a31635b10] DEBUG migratus.migration.sql - found 2 up migrations 
2023-04-19 19:01:56,082 [nREPL-session-61256dcb-3ec9-4d29-b256-a67a31635b10] ERROR migratus.migration.sql - failed to execute command:
 create table catalog.book_items (
book_item_id bigint generated always as identity primary key,
book_id int not null,
available boolean not null,
); 
2023-04-19 19:01:56,082 [nREPL-session-61256dcb-3ec9-4d29-b256-a67a31635b10] ERROR migratus.migration.sql - ERROR: syntax error at or near ")"
  Position: 151 
2023-04-19 19:01:56,086 [nREPL-session-61256dcb-3ec9-4d29-b256-a67a31635b10] ERROR migratus.database - Migration add-book-items-table failed because Batch entry 0 create table catalog.book_items (
book_item_id bigint generated always as identity primary key,
book_id int not null,
available boolean not null,
) was aborted: ERROR: syntax error at or near ")"
  Position: 151  Call getNextException to see other errors in the batch. backing out 
2023-04-19 19:01:56,091 [nREPL-session-61256dcb-3ec9-4d29-b256-a67a31635b10] DEBUG migratus.migration.sql - found 2 down migrations 
2023-04-19 19:01:56,098 [nREPL-session-61256dcb-3ec9-4d29-b256-a67a31635b10] ERROR migratus.migration.sql - failed to execute command:
 alter table catalog.lendings drop column book_item_id;
 
2023-04-19 19:01:56,099 [nREPL-session-61256dcb-3ec9-4d29-b256-a67a31635b10] ERROR migratus.migration.sql - ERROR: column "book_item_id" of relation "lendings" does not exist 
2023-04-19 19:01:56,103 [nREPL-session-61256dcb-3ec9-4d29-b256-a67a31635b10] DEBUG migratus.database - As expected, one of the statements failed in add-book-items-table while backing out the migration 
java.sql.BatchUpdateException: Batch entry 0 alter table catalog.lendings drop column book_item_id was aborted: ERROR: column "book_item_id" of relation "lendings" does not exist  Call getNextException to see other errors in the batch.
	at org.postgresql.jdbc.BatchResultHandler.handleError(BatchResultHandler.java:165)
	at org.postgresql.core.ResultHandlerDelegate.handleError(ResultHandlerDelegate.java:52)
	at org.postgresql.core.v3.QueryExecutorImpl.processResults(QueryExecutorImpl.java:2366)
	at org.postgresql.core.v3.QueryExecutorImpl.execute(QueryExecutorImpl.java:559)
	at org.postgresql.jdbc.PgStatement.internalExecuteBatch(PgStatement.java:887)
	at org.postgresql.jdbc.PgStatement.executeBatch(PgStatement.java:910)
	at migratus.migration.sql$do_commands.invokeStatic(sql.clj:71)
	at migratus.migration.sql$do_commands.invoke(sql.clj:60)
	at migratus.migration.sql$execute_command$fn__27815.invoke(sql.clj:79)
	at migratus.migration.sql$execute_command.invokeStatic(sql.clj:78)
	at migratus.migration.sql$execute_command.invoke(sql.clj:75)
	at migratus.migration.sql$run_sql_STAR_.invokeStatic(sql.clj:96)
	at migratus.migration.sql$run_sql_STAR_.invoke(sql.clj:92)
	at migratus.migration.sql$run_sql$fn__27833.invoke(sql.clj:103)
	at next.jdbc.transaction$transact_STAR_.invokeStatic(transaction.clj:72)
	at next.jdbc.transaction$transact_STAR_.invoke(transaction.clj:51)
	at next.jdbc.transaction$eval13275$fn__13276.invoke(transaction.clj:121)
	at next.jdbc.protocols$eval12267$fn__12268$G__12258__12277.invoke(protocols.clj:57)
	at next.jdbc$transact.invokeStatic(jdbc.clj:381)
	at next.jdbc$transact.invoke(jdbc.clj:373)
	at migratus.migration.sql$run_sql.invokeStatic(sql.clj:102)
	at migratus.migration.sql$run_sql.invoke(sql.clj:98)
	at migratus.migration.sql.SqlMigration.down(sql.clj:122)
	at migratus.database$migrate_up_STAR_$fn__28201.invoke(database.clj:89)
	at migratus.database$migrate_up_STAR_.invokeStatic(database.clj:88)
	at migratus.database$migrate_up_STAR_.invoke(database.clj:74)
	at migratus.database.Database$fn__28267.invoke(database.clj:301)
	at next.jdbc.transaction$transact_STAR_.invokeStatic(transaction.clj:72)
	at next.jdbc.transaction$transact_STAR_.invoke(transaction.clj:51)
	at next.jdbc.transaction$eval13275$fn__13276.invoke(transaction.clj:121)
	at next.jdbc.protocols$eval12267$fn__12268$G__12258__12277.invoke(protocols.clj:57)
	at next.jdbc$transact.invokeStatic(jdbc.clj:381)
	at next.jdbc$transact.invoke(jdbc.clj:373)
	at migratus.database.Database.migrate_up(database.clj:300)
	at migratus.core$up_STAR_.invokeStatic(core.clj:83)
	at migratus.core$up_STAR_.invoke(core.clj:81)
	at migratus.core$migrate_up_STAR_.invokeStatic(core.clj:94)
	at migratus.core$migrate_up_STAR_.invoke(core.clj:85)
	at migratus.core$migrate_STAR_.invokeStatic(core.clj:107)
	at migratus.core$migrate_STAR_.invoke(core.clj:103)
	at clojure.core$partial$fn__5908.invoke(core.clj:2642)
	at migratus.core$run.invokeStatic(core.clj:54)
	at migratus.core$run.invoke(core.clj:50)
	at migratus.core$migrate.invokeStatic(core.clj:114)
	at migratus.core$migrate.invoke(core.clj:109)
	at migratus.core$reset.invokeStatic(core.clj:168)
	at migratus.core$reset.invoke(core.clj:163)
	at luminus_migrations.core$fn__28418.invokeStatic(core.clj:28)
	at luminus_migrations.core$fn__28418.invoke(core.clj:27)
	at luminus_migrations.core$migrate.invokeStatic(core.clj:98)
	at luminus_migrations.core$migrate.invoke(core.clj:84)
	at user$reset_db.invokeStatic(user.clj:44)
	at user$reset_db.invoke(user.clj:41)
	at user$eval29022.invokeStatic(form-init10811980304439633833.clj:40)
	at user$eval29022.invoke(form-init10811980304439633833.clj:40)
	at clojure.lang.Compiler.eval(Compiler.java:7194)
	at clojure.lang.Compiler.eval(Compiler.java:7149)
	at clojure.core$eval.invokeStatic(core.clj:3215)
	at clojure.core$eval.invoke(core.clj:3211)
	at nrepl.middleware.interruptible_eval$evaluate$fn__26127$fn__26128.invoke(interruptible_eval.clj:87)
	at clojure.lang.AFn.applyToHelper(AFn.java:152)
	at clojure.lang.AFn.applyTo(AFn.java:144)
	at clojure.core$apply.invokeStatic(core.clj:667)
	at clojure.core$with_bindings_STAR_.invokeStatic(core.clj:1990)
	at clojure.core$with_bindings_STAR_.doInvoke(core.clj:1990)
	at clojure.lang.RestFn.invoke(RestFn.java:425)
	at nrepl.middleware.interruptible_eval$evaluate$fn__26127.invoke(interruptible_eval.clj:87)
	at clojure.main$repl$read_eval_print__9206$fn__9209.invoke(main.clj:437)
	at clojure.main$repl$read_eval_print__9206.invoke(main.clj:437)
	at clojure.main$repl$fn__9215.invoke(main.clj:458)
	at clojure.main$repl.invokeStatic(main.clj:458)
	at clojure.main$repl.doInvoke(main.clj:368)
	at clojure.lang.RestFn.invoke(RestFn.java:1523)
	at nrepl.middleware.interruptible_eval$evaluate.invokeStatic(interruptible_eval.clj:84)
	at nrepl.middleware.interruptible_eval$evaluate.invoke(interruptible_eval.clj:56)
	at nrepl.middleware.interruptible_eval$interruptible_eval$fn__26160$fn__26164.invoke(interruptible_eval.clj:152)
	at clojure.lang.AFn.run(AFn.java:22)
	at nrepl.middleware.session$session_exec$main_loop__26230$fn__26234.invoke(session.clj:218)
	at nrepl.middleware.session$session_exec$main_loop__26230.invoke(session.clj:217)
	at clojure.lang.AFn.run(AFn.java:22)
	at java.base/java.lang.Thread.run(Thread.java:1589)
Caused by: org.postgresql.util.PSQLException: ERROR: column "book_item_id" of relation "lendings" does not exist
	at org.postgresql.core.v3.QueryExecutorImpl.receiveErrorResponse(QueryExecutorImpl.java:2675)
	at org.postgresql.core.v3.QueryExecutorImpl.processResults(QueryExecutorImpl.java:2365)
	... 78 common frames omitted
2023-04-19 19:01:56,136 [nREPL-session-61256dcb-3ec9-4d29-b256-a67a31635b10] INFO  migratus.core - Ending migrations 
2023-04-19 19:02:24,589 [nREPL-session-61256dcb-3ec9-4d29-b256-a67a31635b10] INFO  migratus.core - Starting migrations 
2023-04-19 19:02:24,669 [nREPL-session-61256dcb-3ec9-4d29-b256-a67a31635b10] DEBUG migratus.migrations - Looking for migrations in #object[java.io.File 0x33c7ba03 C:\Users\Misael\Documents\github\sugbi\resources\migrations] 
2023-04-19 19:02:24,683 [nREPL-session-61256dcb-3ec9-4d29-b256-a67a31635b10] INFO  migratus.core - Running down for [20230418004535 20230417032642 20230321184035 20230228002443] 
2023-04-19 19:02:24,684 [nREPL-session-61256dcb-3ec9-4d29-b256-a67a31635b10] INFO  migratus.core - Down 20230418004535-add-lendings-table 
2023-04-19 19:02:24,684 [nREPL-session-61256dcb-3ec9-4d29-b256-a67a31635b10] INFO  migratus.database - Connection is  {:connection #object[org.postgresql.jdbc.PgConnection 0x2b6278dc org.postgresql.jdbc.PgConnection@2b6278dc]} Config is {:store :database, :db {:connection-uri uri-censored}} 
2023-04-19 19:02:24,714 [nREPL-session-61256dcb-3ec9-4d29-b256-a67a31635b10] DEBUG migratus.migration.sql - found 1 down migrations 
2023-04-19 19:02:24,725 [nREPL-session-61256dcb-3ec9-4d29-b256-a67a31635b10] DEBUG migratus.database - marking 20230418004535 not complete 
2023-04-19 19:02:24,737 [nREPL-session-61256dcb-3ec9-4d29-b256-a67a31635b10] INFO  migratus.core - Down 20230417032642-adds-librarians 
2023-04-19 19:02:24,737 [nREPL-session-61256dcb-3ec9-4d29-b256-a67a31635b10] INFO  migratus.database - Connection is  {:connection #object[org.postgresql.jdbc.PgConnection 0x2b6278dc org.postgresql.jdbc.PgConnection@2b6278dc]} Config is {:store :database, :db {:connection-uri uri-censored}} 
2023-04-19 19:02:24,753 [nREPL-session-61256dcb-3ec9-4d29-b256-a67a31635b10] DEBUG migratus.migration.sql - found 2 down migrations 
2023-04-19 19:02:24,775 [nREPL-session-61256dcb-3ec9-4d29-b256-a67a31635b10] DEBUG migratus.database - marking 20230417032642 not complete 
2023-04-19 19:02:24,811 [nREPL-session-61256dcb-3ec9-4d29-b256-a67a31635b10] INFO  migratus.core - Down 20230321184035-removes-catalog-book-info 
2023-04-19 19:02:24,812 [nREPL-session-61256dcb-3ec9-4d29-b256-a67a31635b10] INFO  migratus.database - Connection is  {:connection #object[org.postgresql.jdbc.PgConnection 0x2b6278dc org.postgresql.jdbc.PgConnection@2b6278dc]} Config is {:store :database, :db {:connection-uri uri-censored}} 
2023-04-19 19:02:24,837 [nREPL-session-61256dcb-3ec9-4d29-b256-a67a31635b10] DEBUG migratus.migration.sql - found 3 down migrations 
2023-04-19 19:02:24,904 [nREPL-session-61256dcb-3ec9-4d29-b256-a67a31635b10] DEBUG migratus.database - marking 20230321184035 not complete 
2023-04-19 19:02:24,919 [nREPL-session-61256dcb-3ec9-4d29-b256-a67a31635b10] INFO  migratus.core - Down 20230228002443-initial-catalog-model 
2023-04-19 19:02:24,920 [nREPL-session-61256dcb-3ec9-4d29-b256-a67a31635b10] INFO  migratus.database - Connection is  {:connection #object[org.postgresql.jdbc.PgConnection 0x2b6278dc org.postgresql.jdbc.PgConnection@2b6278dc]} Config is {:store :database, :db {:connection-uri uri-censored}} 
2023-04-19 19:02:24,956 [nREPL-session-61256dcb-3ec9-4d29-b256-a67a31635b10] DEBUG migratus.migration.sql - found 4 down migrations 
2023-04-19 19:02:24,986 [nREPL-session-61256dcb-3ec9-4d29-b256-a67a31635b10] DEBUG migratus.database - marking 20230228002443 not complete 
2023-04-19 19:02:25,000 [nREPL-session-61256dcb-3ec9-4d29-b256-a67a31635b10] INFO  migratus.core - Ending migrations 
2023-04-19 19:02:25,001 [nREPL-session-61256dcb-3ec9-4d29-b256-a67a31635b10] INFO  migratus.core - Starting migrations 
2023-04-19 19:02:25,082 [nREPL-session-61256dcb-3ec9-4d29-b256-a67a31635b10] DEBUG migratus.migrations - Looking for migrations in #object[java.io.File 0xc6651ba C:\Users\Misael\Documents\github\sugbi\resources\migrations] 
2023-04-19 19:02:25,091 [nREPL-session-61256dcb-3ec9-4d29-b256-a67a31635b10] INFO  migratus.core - Running up for [20230228002443 20230321184035 20230417032642 20230418004535 20230420002511] 
2023-04-19 19:02:25,092 [nREPL-session-61256dcb-3ec9-4d29-b256-a67a31635b10] INFO  migratus.core - Up 20230228002443-initial-catalog-model 
2023-04-19 19:02:25,092 [nREPL-session-61256dcb-3ec9-4d29-b256-a67a31635b10] INFO  migratus.database - Connection is  {:connection #object[org.postgresql.jdbc.PgConnection 0xed5b702 org.postgresql.jdbc.PgConnection@ed5b702]} Config is {:store :database, :db {:connection-uri uri-censored}} 
2023-04-19 19:02:25,126 [nREPL-session-61256dcb-3ec9-4d29-b256-a67a31635b10] DEBUG migratus.migration.sql - found 4 up migrations 
2023-04-19 19:02:25,216 [nREPL-session-61256dcb-3ec9-4d29-b256-a67a31635b10] DEBUG migratus.database - marking 20230228002443 complete 
2023-04-19 19:02:25,229 [nREPL-session-61256dcb-3ec9-4d29-b256-a67a31635b10] INFO  migratus.core - Up 20230321184035-removes-catalog-book-info 
2023-04-19 19:02:25,230 [nREPL-session-61256dcb-3ec9-4d29-b256-a67a31635b10] INFO  migratus.database - Connection is  {:connection #object[org.postgresql.jdbc.PgConnection 0xed5b702 org.postgresql.jdbc.PgConnection@ed5b702]} Config is {:store :database, :db {:connection-uri uri-censored}} 
2023-04-19 19:02:25,246 [nREPL-session-61256dcb-3ec9-4d29-b256-a67a31635b10] DEBUG migratus.migration.sql - found 3 up migrations 
2023-04-19 19:02:25,273 [nREPL-session-61256dcb-3ec9-4d29-b256-a67a31635b10] DEBUG migratus.database - marking 20230321184035 complete 
2023-04-19 19:02:25,288 [nREPL-session-61256dcb-3ec9-4d29-b256-a67a31635b10] INFO  migratus.core - Up 20230417032642-adds-librarians 
2023-04-19 19:02:25,289 [nREPL-session-61256dcb-3ec9-4d29-b256-a67a31635b10] INFO  migratus.database - Connection is  {:connection #object[org.postgresql.jdbc.PgConnection 0xed5b702 org.postgresql.jdbc.PgConnection@ed5b702]} Config is {:store :database, :db {:connection-uri uri-censored}} 
2023-04-19 19:02:25,306 [nREPL-session-61256dcb-3ec9-4d29-b256-a67a31635b10] DEBUG migratus.migration.sql - found 2 up migrations 
2023-04-19 19:02:25,345 [nREPL-session-61256dcb-3ec9-4d29-b256-a67a31635b10] DEBUG migratus.database - marking 20230417032642 complete 
2023-04-19 19:02:25,359 [nREPL-session-61256dcb-3ec9-4d29-b256-a67a31635b10] INFO  migratus.core - Up 20230418004535-add-lendings-table 
2023-04-19 19:02:25,360 [nREPL-session-61256dcb-3ec9-4d29-b256-a67a31635b10] INFO  migratus.database - Connection is  {:connection #object[org.postgresql.jdbc.PgConnection 0xed5b702 org.postgresql.jdbc.PgConnection@ed5b702]} Config is {:store :database, :db {:connection-uri uri-censored}} 
2023-04-19 19:02:25,379 [nREPL-session-61256dcb-3ec9-4d29-b256-a67a31635b10] DEBUG migratus.migration.sql - found 1 up migrations 
2023-04-19 19:02:25,397 [nREPL-session-61256dcb-3ec9-4d29-b256-a67a31635b10] DEBUG migratus.database - marking 20230418004535 complete 
2023-04-19 19:02:25,411 [nREPL-session-61256dcb-3ec9-4d29-b256-a67a31635b10] INFO  migratus.core - Up 20230420002511-add-book-items-table 
2023-04-19 19:02:25,412 [nREPL-session-61256dcb-3ec9-4d29-b256-a67a31635b10] INFO  migratus.database - Connection is  {:connection #object[org.postgresql.jdbc.PgConnection 0xed5b702 org.postgresql.jdbc.PgConnection@ed5b702]} Config is {:store :database, :db {:connection-uri uri-censored}} 
2023-04-19 19:02:25,431 [nREPL-session-61256dcb-3ec9-4d29-b256-a67a31635b10] DEBUG migratus.migration.sql - found 2 up migrations 
2023-04-19 19:02:25,456 [nREPL-session-61256dcb-3ec9-4d29-b256-a67a31635b10] DEBUG migratus.database - marking 20230420002511 complete 
2023-04-19 19:02:25,473 [nREPL-session-61256dcb-3ec9-4d29-b256-a67a31635b10] INFO  migratus.core - Ending migrations 
2023-04-19 19:18:17,742 [main] INFO  migratus.core - Starting migrations 
2023-04-19 19:18:18,465 [main] DEBUG migratus.migrations - Looking for migrations in #object[java.io.File 0x250f9799 C:\Users\Misael\Documents\github\sugbi\resources\migrations] 
2023-04-19 19:18:18,479 [main] INFO  migratus.core - Ending migrations 
